<?xml version="1.0" encoding="UTF-8"?>
<testng-results ignored="0" total="1" passed="1" failed="0" skipped="0">
  <reporter-output>
  </reporter-output>
  <suite started-at="2020-05-19T23:08:42 EET" name="Default suite" finished-at="2020-05-19T23:09:25 EET" duration-ms="42895">
    <groups>
    </groups>
    <test started-at="2020-05-19T23:08:42 EET" name="Default test" finished-at="2020-05-19T23:09:25 EET" duration-ms="42895">
      <class name="epiasUIProject.baseClass">
        <test-method is-config="true" signature="navigate()[pri:0, instance:epiasUIProject.baseClass@60dcc9fe]" started-at="2020-05-19T23:08:42 EET" name="navigate" finished-at="2020-05-19T23:09:01 EET" duration-ms="18353" status="PASS">
          <reporter-output>
          </reporter-output>
        </test-method> <!-- navigate -->
        <test-method signature="epias()[pri:0, instance:epiasUIProject.baseClass@60dcc9fe]" started-at="2020-05-19T23:09:01 EET" name="epias" finished-at="2020-05-19T23:09:25 EET" duration-ms="24503" status="PASS">
          <reporter-output>
          </reporter-output>
        </test-method> <!-- epias -->
      </class> <!-- epiasUIProject.baseClass -->
    </test> <!-- Default test -->
  </suite> <!-- Default suite -->
</testng-results>
